This is pdfTeX, Version 3.14159265-2.6-1.40.16 (TeX Live 2015/Debian) (preloaded format=pdflatex 2016.5.16)  14 JUN 2016 15:42
entering extended mode
 restricted \write18 enabled.
 %&-line parsing enabled.
**report.tex
(./report.tex
LaTeX2e <2016/02/01>
Babel <3.9q> and hyphenation patterns for 5 language(s) loaded.
(/home/jayraj/texmf/tex/latex/tex_class_folder/dese/desethesis.cls
Document Class: desethesis 2010/08/15 DESE Theses and Dissertations
(/home/jayraj/texmf/tex/latex/tex_class_folder/dese/iisclogo.sty
\log@xunitlength=\skip41
\log@yunitlength=\skip42
)
(/usr/share/texlive/texmf-dist/tex/latex/base/book.cls
Document Class: book 2014/09/29 v1.4h Standard LaTeX document class
(/usr/share/texlive/texmf-dist/tex/latex/base/bk12.clo
File: bk12.clo 2014/09/29 v1.4h Standard LaTeX file (size option)
)
\c@part=\count79
\c@chapter=\count80
\c@section=\count81
\c@subsection=\count82
\c@subsubsection=\count83
\c@paragraph=\count84
\c@subparagraph=\count85
\c@figure=\count86
\c@table=\count87
\abovecaptionskip=\skip43
\belowcaptionskip=\skip44
\bibindent=\dimen102
)
(/usr/share/texlive/texmf-dist/tex/latex/changepage/changepage.sty
Package: changepage 2009/10/20 v1.0c check page and change page layout
\c@cp@cntr=\count88
\cp@tempcnt=\count89
)
(/usr/share/texlive/texmf-dist/tex/latex/geometry/geometry.sty
Package: geometry 2010/09/12 v5.6 Page Geometry

(/usr/share/texlive/texmf-dist/tex/latex/graphics/keyval.sty
Package: keyval 2014/10/28 v1.15 key=value parser (DPC)
\KV@toks@=\toks14
)
(/usr/share/texlive/texmf-dist/tex/generic/oberdiek/ifpdf.sty
Package: ifpdf 2011/01/30 v2.3 Provides the ifpdf switch (HO)
Package ifpdf Info: pdfTeX in PDF mode is detected.
)
(/usr/share/texlive/texmf-dist/tex/generic/oberdiek/ifvtex.sty
Package: ifvtex 2010/03/01 v1.5 Detect VTeX and its facilities (HO)
Package ifvtex Info: VTeX not detected.
)
(/usr/share/texlive/texmf-dist/tex/generic/ifxetex/ifxetex.sty
Package: ifxetex 2010/09/12 v0.6 Provides ifxetex conditional
)
\Gm@cnth=\count90
\Gm@cntv=\count91
\c@Gm@tempcnt=\count92
\Gm@bindingoffset=\dimen103
\Gm@wd@mp=\dimen104
\Gm@odd@mp=\dimen105
\Gm@even@mp=\dimen106
\Gm@layoutwidth=\dimen107
\Gm@layoutheight=\dimen108
\Gm@layouthoffset=\dimen109
\Gm@layoutvoffset=\dimen110
\Gm@dimlist=\toks15
)
(/usr/share/texlive/texmf-dist/tex/latex/graphics/graphicx.sty
Package: graphicx 2014/10/28 v1.0g Enhanced LaTeX Graphics (DPC,SPQR)

(/usr/share/texlive/texmf-dist/tex/latex/graphics/graphics.sty
Package: graphics 2016/01/03 v1.0q Standard LaTeX Graphics (DPC,SPQR)

(/usr/share/texlive/texmf-dist/tex/latex/graphics/trig.sty
Package: trig 2016/01/03 v1.10 sin cos tan (DPC)
)
(/usr/share/texlive/texmf-dist/tex/latex/latexconfig/graphics.cfg
File: graphics.cfg 2010/04/23 v1.9 graphics configuration of TeX Live
)
Package graphics Info: Driver file: pdftex.def on input line 95.

(/usr/share/texlive/texmf-dist/tex/latex/pdftex-def/pdftex.def
File: pdftex.def 2011/05/27 v0.06d Graphics/color for pdfTeX

(/usr/share/texlive/texmf-dist/tex/generic/oberdiek/infwarerr.sty
Package: infwarerr 2010/04/08 v1.3 Providing info/warning/error messages (HO)
)
(/usr/share/texlive/texmf-dist/tex/generic/oberdiek/ltxcmds.sty
Package: ltxcmds 2011/11/09 v1.22 LaTeX kernel commands for general use (HO)
)
\Gread@gobject=\count93
))
\Gin@req@height=\dimen111
\Gin@req@width=\dimen112
)
(/usr/share/texlive/texmf-dist/tex/latex/amsmath/amsmath.sty
Package: amsmath 2016/03/03 v2.15a AMS math features
\@mathmargin=\skip45

For additional information on amsmath, use the `?' option.
(/usr/share/texlive/texmf-dist/tex/latex/amsmath/amstext.sty
Package: amstext 2000/06/29 v2.01 AMS text

(/usr/share/texlive/texmf-dist/tex/latex/amsmath/amsgen.sty
File: amsgen.sty 1999/11/30 v2.0 generic functions
\@emptytoks=\toks16
\ex@=\dimen113
))
(/usr/share/texlive/texmf-dist/tex/latex/amsmath/amsbsy.sty
Package: amsbsy 1999/11/29 v1.2d Bold Symbols
\pmbraise@=\dimen114
)
(/usr/share/texlive/texmf-dist/tex/latex/amsmath/amsopn.sty
Package: amsopn 1999/12/14 v2.01 operator names
)
\inf@bad=\count94
LaTeX Info: Redefining \frac on input line 199.
\uproot@=\count95
\leftroot@=\count96
LaTeX Info: Redefining \overline on input line 297.
\classnum@=\count97
\DOTSCASE@=\count98
LaTeX Info: Redefining \ldots on input line 394.
LaTeX Info: Redefining \dots on input line 397.
LaTeX Info: Redefining \cdots on input line 518.
\Mathstrutbox@=\box26
\strutbox@=\box27
\big@size=\dimen115
LaTeX Font Info:    Redeclaring font encoding OML on input line 630.
LaTeX Font Info:    Redeclaring font encoding OMS on input line 631.
\macc@depth=\count99
\c@MaxMatrixCols=\count100
\dotsspace@=\muskip10
\c@parentequation=\count101
\dspbrk@lvl=\count102
\tag@help=\toks17
\row@=\count103
\column@=\count104
\maxfields@=\count105
\andhelp@=\toks18
\eqnshift@=\dimen116
\alignsep@=\dimen117
\tagshift@=\dimen118
\tagwidth@=\dimen119
\totwidth@=\dimen120
\lineht@=\dimen121
\@envbody=\toks19
\multlinegap=\skip46
\multlinetaggap=\skip47
\mathdisplay@stack=\toks20
LaTeX Info: Redefining \[ on input line 2735.
LaTeX Info: Redefining \] on input line 2736.
)
(/usr/share/texlive/texmf-dist/tex/latex/amsfonts/amssymb.sty
Package: amssymb 2013/01/14 v3.01 AMS font symbols

(/usr/share/texlive/texmf-dist/tex/latex/amsfonts/amsfonts.sty
Package: amsfonts 2013/01/14 v3.01 Basic AMSFonts support
\symAMSa=\mathgroup4
\symAMSb=\mathgroup5
LaTeX Font Info:    Overwriting math alphabet `\mathfrak' in version `bold'
(Font)                  U/euf/m/n --> U/euf/b/n on input line 106.
))
(/usr/share/texlive/texmf-dist/tex/latex/amscls/amsthm.sty
Package: amsthm 2015/03/04 v2.20.2
\thm@style=\toks21
\thm@bodyfont=\toks22
\thm@headfont=\toks23
\thm@notefont=\toks24
\thm@headpunct=\toks25
\thm@preskip=\skip48
\thm@postskip=\skip49
\thm@headsep=\skip50
\dth@everypar=\toks26
)
(/usr/share/texlive/texmf-dist/tex/latex/multirow/multirow.sty
\bigstrutjot=\dimen122
)
(/usr/share/texlive/texmf-dist/tex/generic/ulem/ulem.sty
\UL@box=\box28
\UL@hyphenbox=\box29
\UL@skip=\skip51
\UL@hook=\toks27
\UL@height=\dimen123
\UL@pe=\count106
\UL@pixel=\dimen124
\ULC@box=\box30
Package: ulem 2012/05/18
\ULdepth=\dimen125
)
(/usr/share/texlive/texmf-dist/tex/latex/placeins/placeins.sty
Package: placeins 2005/04/18  v 2.2
)
(/home/jayraj/texmf/tex/latex/tex_class_folder/dese/fancyhdr.sty
\fancy@headwidth=\skip52
\f@ncyO@elh=\skip53
\f@ncyO@erh=\skip54
\f@ncyO@olh=\skip55
\f@ncyO@orh=\skip56
\f@ncyO@elf=\skip57
\f@ncyO@erf=\skip58
\f@ncyO@olf=\skip59
\f@ncyO@orf=\skip60
)
(/home/jayraj/texmf/tex/latex/tex_class_folder/dese/lastpage.sty
Package: lastpage 1994/06/25 v0.1b LaTeX2e package for refs to last page number
 (JPG)
)
(/usr/share/texlive/texmf-dist/tex/latex/base/makeidx.sty
Package: makeidx 2014/09/29 v1.0m Standard LaTeX package
)
\@indexfile=\write3
\openout3 = `report.idx'.


Writing index file report.idx
) (/usr/share/texlive/texmf-dist/tex/latex/psnfss/mathptmx.sty
Package: mathptmx 2005/04/12 PSNFSS-v9.2a Times w/ Math, improved (SPQR, WaS) 
LaTeX Font Info:    Redeclaring symbol font `operators' on input line 28.
LaTeX Font Info:    Overwriting symbol font `operators' in version `normal'
(Font)                  OT1/cmr/m/n --> OT1/ztmcm/m/n on input line 28.
LaTeX Font Info:    Overwriting symbol font `operators' in version `bold'
(Font)                  OT1/cmr/bx/n --> OT1/ztmcm/m/n on input line 28.
LaTeX Font Info:    Redeclaring symbol font `letters' on input line 29.
LaTeX Font Info:    Overwriting symbol font `letters' in version `normal'
(Font)                  OML/cmm/m/it --> OML/ztmcm/m/it on input line 29.
LaTeX Font Info:    Overwriting symbol font `letters' in version `bold'
(Font)                  OML/cmm/b/it --> OML/ztmcm/m/it on input line 29.
LaTeX Font Info:    Redeclaring symbol font `symbols' on input line 30.
LaTeX Font Info:    Overwriting symbol font `symbols' in version `normal'
(Font)                  OMS/cmsy/m/n --> OMS/ztmcm/m/n on input line 30.
LaTeX Font Info:    Overwriting symbol font `symbols' in version `bold'
(Font)                  OMS/cmsy/b/n --> OMS/ztmcm/m/n on input line 30.
LaTeX Font Info:    Redeclaring symbol font `largesymbols' on input line 31.
LaTeX Font Info:    Overwriting symbol font `largesymbols' in version `normal'
(Font)                  OMX/cmex/m/n --> OMX/ztmcm/m/n on input line 31.
LaTeX Font Info:    Overwriting symbol font `largesymbols' in version `bold'
(Font)                  OMX/cmex/m/n --> OMX/ztmcm/m/n on input line 31.
\symbold=\mathgroup6
\symitalic=\mathgroup7
LaTeX Font Info:    Redeclaring math alphabet \mathbf on input line 34.
LaTeX Font Info:    Overwriting math alphabet `\mathbf' in version `normal'
(Font)                  OT1/cmr/bx/n --> OT1/ptm/bx/n on input line 34.
LaTeX Font Info:    Overwriting math alphabet `\mathbf' in version `bold'
(Font)                  OT1/cmr/bx/n --> OT1/ptm/bx/n on input line 34.
LaTeX Font Info:    Redeclaring math alphabet \mathit on input line 35.
LaTeX Font Info:    Overwriting math alphabet `\mathit' in version `normal'
(Font)                  OT1/cmr/m/it --> OT1/ptm/m/it on input line 35.
LaTeX Font Info:    Overwriting math alphabet `\mathit' in version `bold'
(Font)                  OT1/cmr/bx/it --> OT1/ptm/m/it on input line 35.
LaTeX Info: Redefining \hbar on input line 50.
)
(/usr/share/texlive/texmf-dist/tex/latex/psnfss/helvet.sty
Package: helvet 2005/04/12 PSNFSS-v9.2a (WaS) 
)
(/usr/share/texlive/texmf-dist/tex/latex/psnfss/courier.sty
Package: courier 2005/04/12 PSNFSS-v9.2a (WaS) 
)
(/usr/share/texlive/texmf-dist/tex/latex/float/float.sty
Package: float 2001/11/08 v1.3d Float enhancements (AL)
\c@float@type=\count107
\float@exts=\toks28
\float@box=\box31
\@float@everytoks=\toks29
\@floatcapt=\box32
)
(/usr/share/texlive/texmf-dist/tex/latex/tools/tabularx.sty
Package: tabularx 2014/10/28 v2.10 `tabularx' package (DPC)

(/usr/share/texlive/texmf-dist/tex/latex/tools/array.sty
Package: array 2014/10/28 v2.4c Tabular extension package (FMi)
\col@sep=\dimen126
\extrarowheight=\dimen127
\NC@list=\toks30
\extratabsurround=\skip61
\backup@length=\skip62
)
\TX@col@width=\dimen128
\TX@old@table=\dimen129
\TX@old@col=\dimen130
\TX@target=\dimen131
\TX@delta=\dimen132
\TX@cols=\count108
\TX@ftn=\toks31
)
(/usr/share/texlive/texmf-dist/tex/latex/caption/subcaption.sty
Package: subcaption 2016/02/20 v1.1-142 Sub-captions (AR)

(/usr/share/texlive/texmf-dist/tex/latex/caption/caption.sty
Package: caption 2016/02/21 v3.3-144 Customizing captions (AR)

(/usr/share/texlive/texmf-dist/tex/latex/caption/caption3.sty
Package: caption3 2016/02/04 v1.7-139 caption3 kernel (AR)
Package caption3 Info: TeX engine: e-TeX on input line 67.
\captionmargin=\dimen133
\captionmargin@=\dimen134
\captionwidth=\dimen135
\caption@tempdima=\dimen136
\caption@indent=\dimen137
\caption@parindent=\dimen138
\caption@hangindent=\dimen139
)
\c@ContinuedFloat=\count109
Package caption Info: float package is loaded.
)
\c@subfigure=\count110
\c@subtable=\count111
)
(/usr/share/texlive/texmf-dist/tex/latex/base/fixltx2e.sty
Package: fixltx2e 2015/06/22 v2.0b fixes to LaTeX (obsolete)


Package fixltx2e Warning: fixltx2e is not required with releases after 2015
(fixltx2e)                All fixes are now in the LaTeX kernel.
(fixltx2e)                See the latexrelease package for details.

) (/usr/share/texlive/texmf-dist/tex/latex/pdfpages/pdfpages.sty
Package: pdfpages 2015/09/18 v0.5d Insert pages of external PDF documents (AM)

(/usr/share/texlive/texmf-dist/tex/latex/base/ifthen.sty
Package: ifthen 2014/09/29 v1.1c Standard LaTeX ifthen package (DPC)
)
(/usr/share/texlive/texmf-dist/tex/latex/tools/calc.sty
Package: calc 2014/10/28 v4.3 Infix arithmetic (KKT,FJ)
\calc@Acount=\count112
\calc@Bcount=\count113
\calc@Adimen=\dimen140
\calc@Bdimen=\dimen141
\calc@Askip=\skip63
\calc@Bskip=\skip64
LaTeX Info: Redefining \setlength on input line 80.
LaTeX Info: Redefining \addtolength on input line 81.
\calc@Ccount=\count114
\calc@Cskip=\skip65
)
(/usr/share/texlive/texmf-dist/tex/latex/eso-pic/eso-pic.sty
Package: eso-pic 2015/07/21 v2.0g eso-pic (RN)

(/usr/share/texlive/texmf-dist/tex/generic/oberdiek/atbegshi.sty
Package: atbegshi 2011/10/05 v1.16 At begin shipout hook (HO)
)
(/usr/share/texlive/texmf-dist/tex/latex/xcolor/xcolor.sty
Package: xcolor 2007/01/21 v2.11 LaTeX color extensions (UK)

(/usr/share/texlive/texmf-dist/tex/latex/latexconfig/color.cfg
File: color.cfg 2007/01/18 v1.5 color configuration of teTeX/TeXLive
)
Package xcolor Info: Driver file: pdftex.def on input line 225.
Package xcolor Info: Model `cmy' substituted by `cmy0' on input line 1337.
Package xcolor Info: Model `hsb' substituted by `rgb' on input line 1341.
Package xcolor Info: Model `RGB' extended on input line 1353.
Package xcolor Info: Model `HTML' substituted by `rgb' on input line 1355.
Package xcolor Info: Model `Hsb' substituted by `hsb' on input line 1356.
Package xcolor Info: Model `tHsb' substituted by `hsb' on input line 1357.
Package xcolor Info: Model `HSB' substituted by `hsb' on input line 1358.
Package xcolor Info: Model `Gray' substituted by `gray' on input line 1359.
Package xcolor Info: Model `wave' substituted by `hsb' on input line 1360.
))
\AM@pagewidth=\dimen142
\AM@pageheight=\dimen143

(/usr/share/texlive/texmf-dist/tex/latex/pdfpages/pppdftex.def
File: pppdftex.def 2015/09/18 v0.5d Pdfpages driver for pdfTeX (AM)
)
\AM@pagebox=\box33
\AM@toc@title=\toks32
\c@AM@survey=\count115
\AM@templatesizebox=\box34
)
(/usr/share/texlive/texmf-dist/tex/latex/base/inputenc.sty
Package: inputenc 2015/03/17 v1.2c Input encoding file
\inpenc@prehook=\toks33
\inpenc@posthook=\toks34

(/usr/share/texlive/texmf-dist/tex/latex/base/latin9.def
File: latin9.def 2015/03/17 v1.2c Input encoding file
))
(/usr/share/texlive/texmf-dist/tex/generic/babel/babel.sty
Package: babel 2016/02/24 3.9q The Babel package

(/usr/share/texlive/texmf-dist/tex/generic/babel-english/english.ldf
Language: english 2012/08/20 v3.3p English support from the babel system

(/usr/share/texlive/texmf-dist/tex/generic/babel/babel.def
File: babel.def 2016/02/24 3.9q Babel common definitions
\babel@savecnt=\count116
\U@D=\dimen144
)
\l@canadian = a dialect from \language\l@american 
\l@australian = a dialect from \language\l@british 
\l@newzealand = a dialect from \language\l@british 
)) (./report.aux
(./chap/synopsis.aux) (./chap/acknowledgement.aux) (./chap/notations.aux)
(./chap/introduction.aux) (./chap/study.aux) (./chap/design.aux)
(./chap/engineering.aux

LaTeX Warning: Label `fig:block_dia' multiply defined.


LaTeX Warning: Label `fig:enc_top_view' multiply defined.


LaTeX Warning: Label `sub@fig:enc_top_view' multiply defined.


LaTeX Warning: Label `fig:enc_views' multiply defined.


LaTeX Warning: Label `tab:scr2' multiply defined.

) (./chap/concluding_remarks.aux))
\openout1 = `report.aux'.

LaTeX Font Info:    Checking defaults for OML/cmm/m/it on input line 51.
LaTeX Font Info:    ... okay on input line 51.
LaTeX Font Info:    Checking defaults for T1/cmr/m/n on input line 51.
LaTeX Font Info:    ... okay on input line 51.
LaTeX Font Info:    Checking defaults for OT1/cmr/m/n on input line 51.
LaTeX Font Info:    ... okay on input line 51.
LaTeX Font Info:    Checking defaults for OMS/cmsy/m/n on input line 51.
LaTeX Font Info:    ... okay on input line 51.
LaTeX Font Info:    Checking defaults for OMX/cmex/m/n on input line 51.
LaTeX Font Info:    ... okay on input line 51.
LaTeX Font Info:    Checking defaults for U/cmr/m/n on input line 51.
LaTeX Font Info:    ... okay on input line 51.
LaTeX Font Info:    Try loading font information for OT1+ptm on input line 51.

(/usr/share/texlive/texmf-dist/tex/latex/psnfss/ot1ptm.fd
File: ot1ptm.fd 2001/06/04 font definitions for OT1/ptm.
)
*geometry* driver: auto-detecting
*geometry* detected driver: pdftex
*geometry* verbose mode - [ preamble ] result:
* driver: pdftex
* paper: a4paper
* layout: <same size as paper>
* layoutoffset:(h,v)=(0.0pt,0.0pt)
* modes: twoside 
* h-part:(L,W,R)=(90.3375pt, 452.96788pt, 54.2025pt)
* v-part:(T,H,B)=(101.40665pt, 591.5302pt, 152.11pt)
* \paperwidth=597.50787pt
* \paperheight=845.04684pt
* \textwidth=452.96788pt
* \textheight=664.88377pt
* \oddsidemargin=18.0675pt
* \evensidemargin=-18.06749pt
* \topmargin=-2.73714pt
* \headheight=20.0pt
* \headsep=10.0pt
* \topskip=12.0pt
* \footskip=30.0pt
* \marginparwidth=88.0pt
* \marginparsep=7.0pt
* \columnsep=10.0pt
* \skip\footins=10.8pt plus 4.0pt minus 2.0pt
* \hoffset=0.0pt
* \voffset=0.0pt
* \mag=1000
* \@twocolumnfalse
* \@twosidetrue
* \@mparswitchtrue
* \@reversemarginfalse
* (1in=72.27pt=25.4mm, 1cm=28.453pt)

(/usr/share/texlive/texmf-dist/tex/context/base/supp-pdf.mkii
[Loading MPS to PDF converter (version 2006.09.02).]
\scratchcounter=\count117
\scratchdimen=\dimen145
\scratchbox=\box35
\nofMPsegments=\count118
\nofMParguments=\count119
\everyMPshowfont=\toks35
\MPscratchCnt=\count120
\MPscratchDim=\dimen146
\MPnumerator=\count121
\makeMPintoPDFobject=\count122
\everyMPtoPDFconversion=\toks36
) (/usr/share/texlive/texmf-dist/tex/generic/oberdiek/pdftexcmds.sty
Package: pdftexcmds 2011/11/29 v0.20 Utility functions of pdfTeX for LuaTeX (HO
)

(/usr/share/texlive/texmf-dist/tex/generic/oberdiek/ifluatex.sty
Package: ifluatex 2010/03/01 v1.3 Provides the ifluatex switch (HO)
Package ifluatex Info: LuaTeX not detected.
)
Package pdftexcmds Info: LuaTeX not detected.
Package pdftexcmds Info: \pdf@primitive is available.
Package pdftexcmds Info: \pdf@ifprimitive is available.
Package pdftexcmds Info: \pdfdraftmode found.
)
(/usr/share/texlive/texmf-dist/tex/latex/oberdiek/epstopdf-base.sty
Package: epstopdf-base 2010/02/09 v2.5 Base part for package epstopdf

(/usr/share/texlive/texmf-dist/tex/latex/oberdiek/grfext.sty
Package: grfext 2010/08/19 v1.1 Manage graphics extensions (HO)

(/usr/share/texlive/texmf-dist/tex/generic/oberdiek/kvdefinekeys.sty
Package: kvdefinekeys 2011/04/07 v1.3 Define keys (HO)
))
(/usr/share/texlive/texmf-dist/tex/latex/oberdiek/kvoptions.sty
Package: kvoptions 2011/06/30 v3.11 Key value format for package options (HO)

(/usr/share/texlive/texmf-dist/tex/generic/oberdiek/kvsetkeys.sty
Package: kvsetkeys 2012/04/25 v1.16 Key value parser (HO)

(/usr/share/texlive/texmf-dist/tex/generic/oberdiek/etexcmds.sty
Package: etexcmds 2011/02/16 v1.5 Avoid name clashes with e-TeX commands (HO)
Package etexcmds Info: Could not find \expanded.
(etexcmds)             That can mean that you are not using pdfTeX 1.50 or
(etexcmds)             that some package has redefined \expanded.
(etexcmds)             In the latter case, load this package earlier.
)))
Package grfext Info: Graphics extension search list:
(grfext)             [.png,.pdf,.jpg,.mps,.jpeg,.jbig2,.jb2,.PNG,.PDF,.JPG,.JPE
G,.JBIG2,.JB2,.eps]
(grfext)             \AppendGraphicsExtensions on input line 452.

(/usr/share/texlive/texmf-dist/tex/latex/latexconfig/epstopdf-sys.cfg
File: epstopdf-sys.cfg 2010/07/13 v1.3 Configuration of (r)epstopdf for TeX Liv
e
))
Package caption Info: Begin \AtBeginDocument code.
Package caption Info: End \AtBeginDocument code.
\AtBeginShipoutBox=\box36

(/usr/share/texlive/texmf-dist/tex/latex/oberdiek/pdflscape.sty
Package: pdflscape 2008/08/11 v0.10 Display of landscape pages in PDF (HO)

(/usr/share/texlive/texmf-dist/tex/latex/graphics/lscape.sty
Package: lscape 2000/10/22 v3.01 Landscape Pages (DPC)
)
Package pdflscape Info: Auto-detected driver: pdftex on input line 80.
)
LaTeX Font Info:    Font shape `OT1/ptm/bx/n' in size <17.28> not available
(Font)              Font shape `OT1/ptm/b/n' tried instead on input line 52.
LaTeX Font Info:    Font shape `OT1/ptm/bx/n' in size <10.95> not available
(Font)              Font shape `OT1/ptm/b/n' tried instead on input line 52.
LaTeX Font Info:    Font shape `OT1/ptm/bx/n' in size <12> not available
(Font)              Font shape `OT1/ptm/b/n' tried instead on input line 52.
LaTeX Font Info:    Font shape `OT1/ptm/bx/sc' in size <17.28> not available
(Font)              Font shape `OT1/ptm/b/sc' tried instead on input line 52.
LaTeX Font Info:    Font shape `OT1/ptm/bx/it' in size <17.28> not available
(Font)              Font shape `OT1/ptm/b/it' tried instead on input line 52.
LaTeX Font Info:    Font shape `OT1/ptm/bx/it' in size <10.95> not available
(Font)              Font shape `OT1/ptm/b/it' tried instead on input line 52.
LaTeX Font Info:    Font shape `OT1/ptm/bx/it' in size <12> not available
(Font)              Font shape `OT1/ptm/b/it' tried instead on input line 52.

Typesetting IISc Logo ...
<Indian_Institute_of_Science_Logo.pdf, id=1, 240.83167pt x 234.66095pt>
File: Indian_Institute_of_Science_Logo.pdf Graphic file (type pdf)

<use Indian_Institute_of_Science_Logo.pdf>
Package pdftex.def Info: Indian_Institute_of_Science_Logo.pdf used on input lin
e 52.
(pdftex.def)             Requested size: 144.5001pt x 140.79765pt.

 ... done
LaTeX Font Info:    Try loading font information for OMS+ptm on input line 52.
(/usr/share/texlive/texmf-dist/tex/latex/psnfss/omsptm.fd
File: omsptm.fd 
)
LaTeX Font Info:    Font shape `OMS/ptm/m/sc' in size <12> not available
(Font)              Font shape `OMS/cmsy/m/n' tried instead on input line 52.
LaTeX Font Info:    Font shape `OMS/ptm/m/n' in size <12> not available
(Font)              Font shape `OMS/cmsy/m/n' tried instead on input line 52.
 [1


{/var/lib/texmf/fonts/map/pdftex/updmap/pdftex.map} </home/jayraj/texmf/tex/lat
ex/tex_class_folder/dese/Indian_Institute_of_Science_Logo.pdf>] [2


]
\openout2 = `chap/synopsis.aux'.

 (./chap/synopsis.tex
LaTeX Font Info:    Font shape `OT1/ptm/bx/n' in size <24.88> not available
(Font)              Font shape `OT1/ptm/b/n' tried instead on input line 2.
)
[3


]
\openout2 = `chap/acknowledgement.aux'.

 (./chap/acknowledgement.tex [4



]) [5]
\openout2 = `chap/notations.aux'.

 (./chap/notations.tex [6



] [7] [8])
[9] [10



] (./report.toc
LaTeX Font Info:    Try loading font information for OT1+ztmcm on input line 5.


(/usr/share/texlive/texmf-dist/tex/latex/psnfss/ot1ztmcm.fd
File: ot1ztmcm.fd 2000/01/03 Fontinst v1.801 font definitions for OT1/ztmcm.
)
LaTeX Font Info:    Try loading font information for OML+ztmcm on input line 5.


(/usr/share/texlive/texmf-dist/tex/latex/psnfss/omlztmcm.fd
File: omlztmcm.fd 2000/01/03 Fontinst v1.801 font definitions for OML/ztmcm.
)
LaTeX Font Info:    Try loading font information for OMS+ztmcm on input line 5.


(/usr/share/texlive/texmf-dist/tex/latex/psnfss/omsztmcm.fd
File: omsztmcm.fd 2000/01/03 Fontinst v1.801 font definitions for OMS/ztmcm.
)
LaTeX Font Info:    Try loading font information for OMX+ztmcm on input line 5.


(/usr/share/texlive/texmf-dist/tex/latex/psnfss/omxztmcm.fd
File: omxztmcm.fd 2000/01/03 Fontinst v1.801 font definitions for OMX/ztmcm.
)
LaTeX Font Info:    Font shape `OT1/ptm/bx/n' in size <9> not available
(Font)              Font shape `OT1/ptm/b/n' tried instead on input line 5.
LaTeX Font Info:    Font shape `OT1/ptm/bx/n' in size <7> not available
(Font)              Font shape `OT1/ptm/b/n' tried instead on input line 5.
 [11

] [12])
\tf@toc=\write4
\openout4 = `report.toc'.


[13] [14


] (./report.lof [15

])
\tf@lof=\write5
\openout5 = `report.lof'.

 [16]
\openout2 = `chap/introduction.aux'.

 (./chap/introduction.tex
Chapter 1.
<pie.png, id=62, 998.73125pt x 488.82625pt>
File: pie.png Graphic file (type png)
 <use pie.png>
Package pdftex.def Info: pie.png used on input line 23.
(pdftex.def)             Requested size: 452.96788pt x 221.70023pt.
 [1





] [2 </home/jayraj/texmf/tex/latex/report_tex/images/pie.png>]
(/home/jayraj/texmf/tex/latex/report_tex/images/safecommute.pdf_tex
<safecommute.pdf, id=69, page=1, 1274.68347pt x 717.00949pt>
File: safecommute.pdf Graphic file (type pdf)

<use safecommute.pdf, page 1>
Package pdftex.def Info: safecommute.pdf, page1 used on input line 52.
(pdftex.def)             Requested size: 452.96788pt x 254.79726pt.
) [3 </home/jayraj/texmf/tex/latex/report_tex/images/safecommute.pdf>]
Overfull \hbox (4.47932pt too wide) in paragraph at lines 90--91
[]\OT1/ptm/m/n/12 Wireless com-mu-ni-ca-tion chan-nel be-tween the \OT1/ptm/m/i
t/12 Pan-icBut-ton de-vice \OT1/ptm/m/n/12 and the back-end server, 
 []

[4]) [5]
\openout2 = `chap/study.aux'.

 (./chap/study.tex [6



]
Chapter 2.
(/home/jayraj/texmf/tex/latex/report_tex/chap/funConcept.tex
<functionalDescription.pdf, id=96, 1274.68347pt x 901.3833pt>
File: functionalDescription.pdf Graphic file (type pdf)

<use functionalDescription.pdf>
Package pdftex.def Info: functionalDescription.pdf used on input line 25.
(pdftex.def)             Requested size: 407.66832pt x 288.2835pt.
 [7]
<bus.pdf, id=100, 1274.68347pt x 901.3833pt>
File: bus.pdf Graphic file (type pdf)
 <use bus.pdf>
Package pdftex.def Info: bus.pdf used on input line 33.
(pdftex.def)             Requested size: 407.66832pt x 288.2835pt.
 [8 </home/jayraj/texmf/tex/latex/report_tex/images/functionalDescription.pdf> 
</home/jayraj/texmf/tex/latex/report_tex/images/bus.pdf

pdfTeX warning: pdflatex (file /home/jayraj/texmf/tex/latex/report_tex/images/b
us.pdf): PDF inclusion: multiple pdfs with page group included in a single page

>])
LaTeX Font Info:    Font shape `OT1/ptm/bx/n' in size <14.4> not available
(Font)              Font shape `OT1/ptm/b/n' tried instead on input line 39.
 [9] [10]
Underfull \hbox (badness 10000) in paragraph at lines 87--88

 []

(/home/jayraj/texmf/tex/latex/report_tex/chap/audioStudy.tex [11] [12] [13]
[14]) <base_layout.jpg, id=202, 1147.28625pt x 847.165pt>
File: base_layout.jpg Graphic file (type jpg)

<use base_layout.jpg>
Package pdftex.def Info: base_layout.jpg used on input line 175.
(pdftex.def)             Requested size: 452.96788pt x 334.46492pt.
 [15]) [16 </home/jayraj/texmf/tex/latex/report_tex/images/base_layout.jpg>]
\openout2 = `chap/design.aux'.

 (./chap/design.tex
Chapter 3.
<block_dia.pdf, id=210, 612.2875pt x 401.5pt>
File: block_dia.pdf Graphic file (type pdf)
 <use block_dia.pdf>
Package pdftex.def Info: block_dia.pdf used on input line 5.
(pdftex.def)             Requested size: 452.96788pt x 297.0257pt.
 [17



 </home/jayraj/texmf/tex/latex/report_tex/images/block_dia.pdf>]
LaTeX Font Info:    Font shape `OT1/ptm/bx/it' in size <14.4> not available
(Font)              Font shape `OT1/ptm/b/it' tried instead on input line 49.

<core_module_sch.PNG, id=256, 582.978pt x 454.69875pt>
File: core_module_sch.PNG Graphic file (type png)

<use core_module_sch.PNG>
Package pdftex.def Info: core_module_sch.PNG used on input line 56.
(pdftex.def)             Requested size: 364.80513pt x 284.52756pt.
 [18]
<tamperingproofsytem_sch.PNG, id=261, 672.71326pt x 327.02174pt>
File: tamperingproofsytem_sch.PNG Graphic file (type png)

<use tamperingproofsytem_sch.PNG>
Package pdftex.def Info: tamperingproofsytem_sch.PNG used on input line 65.
(pdftex.def)             Requested size: 452.96788pt x 220.20619pt.
 [19 </home/jayraj/texmf/tex/latex/report_tex/images/core_module_sch.PNG>]
<pbutton_sch.PNG, id=266, 329.43076pt x 367.97475pt>
File: pbutton_sch.PNG Graphic file (type png)
 <use pbutton_sch.PNG>
Package pdftex.def Info: pbutton_sch.PNG used on input line 76.
(pdftex.def)             Requested size: 215.15904pt x 240.3374pt.

<rg_led.png, id=267, 329.43076pt x 367.97475pt>
File: rg_led.png Graphic file (type png)
 <use rg_led.png>
Package pdftex.def Info: rg_led.png used on input line 82.
(pdftex.def)             Requested size: 215.15904pt x 240.3374pt.
 [20 </home/jayraj/texmf/tex/latex/report_tex/images/tamperingproofsytem_sch.PN
G>]
<gps_sch.PNG, id=272, 645.612pt x 324.61275pt>
File: gps_sch.PNG Graphic file (type png)
 <use gps_sch.PNG>
Package pdftex.def Info: gps_sch.PNG used on input line 94.
(pdftex.def)             Requested size: 452.96788pt x 227.75735pt.
 [21 </home/jayraj/texmf/tex/latex/report_tex/images/pbutton_sch.PNG> </home/ja
yraj/texmf/tex/latex/report_tex/images/rg_led.png>]
LaTeX Font Info:    Font shape `OMS/ptm/m/n' in size <9> not available
(Font)              Font shape `OMS/cmsy/m/n' tried instead on input line 100.
LaTeX Font Info:    Font shape `OT1/ptm/bx/n' in size <5> not available
(Font)              Font shape `OT1/ptm/b/n' tried instead on input line 100.

<ble_sch.PNG, id=279, 515.526pt x 464.937pt>
File: ble_sch.PNG Graphic file (type png)
 <use ble_sch.PNG>
Package pdftex.def Info: ble_sch.PNG used on input line 103.
(pdftex.def)             Requested size: 452.96788pt x 408.53569pt.
 [22 </home/jayraj/texmf/tex/latex/report_tex/images/gps_sch.PNG>]
<speaker_amp_sch.PNG, id=286, 578.76225pt x 255.95625pt>
File: speaker_amp_sch.PNG Graphic file (type png)

<use speaker_amp_sch.PNG>
Package pdftex.def Info: speaker_amp_sch.PNG used on input line 111.
(pdftex.def)             Requested size: 452.96788pt x 200.32463pt.
 [23 </home/jayraj/texmf/tex/latex/report_tex/images/ble_sch.PNG>] <audio_trigg
er_sch.PNG, id=291, 589.0005pt x 176.45924pt>
File: audio_trigger_sch.PNG Graphic file (type png)

<use audio_trigger_sch.PNG>
Package pdftex.def Info: audio_trigger_sch.PNG used on input line 119.
(pdftex.def)             Requested size: 452.96788pt x 135.70978pt.
 [24 </home/jayraj/texmf/tex/latex/report_tex/images/speaker_amp_sch.PNG> </hom
e/jayraj/texmf/tex/latex/report_tex/images/audio_trigger_sch.PNG>] [25] <ble_va
lidation.pdf, id=300, 632.3625pt x 441.65pt>
File: ble_validation.pdf Graphic file (type pdf)

<use ble_validation.pdf>
Package pdftex.def Info: ble_validation.pdf used on input line 181.
(pdftex.def)             Requested size: 452.96788pt x 316.36365pt.
 [26]
Overfull \hbox (0.49649pt too wide) in paragraph at lines 185--188
[]\OT1/ptm/b/n/12 nRF51822 \OT1/ptm/m/n/12 acts as a re-lay be-tween core-modul
e and user's smart-phone. nRF58122 uses Generic
 []

[27 </home/jayraj/texmf/tex/latex/report_tex/images/ble_validation.pdf>]
<android_safe.png, id=350, 602.25pt x 1003.75pt>
File: android_safe.png Graphic file (type png)
 <use android_safe.png>
Package pdftex.def Info: android_safe.png used on input line 218.
(pdftex.def)             Requested size: 203.83415pt x 339.72357pt.

<android_caution.png, id=351, 466.74374pt x 777.90625pt>
File: android_caution.png Graphic file (type png)

<use android_caution.png>
Package pdftex.def Info: android_caution.png used on input line 224.
(pdftex.def)             Requested size: 203.83415pt x 339.72778pt.
 <merged_id.pdf, id=352, 602.25pt x 180.675pt>
File: merged_id.pdf Graphic file (type pdf)

<use merged_id.pdf>
Package pdftex.def Info: merged_id.pdf used on input line 238.
(pdftex.def)             Requested size: 421.57211pt x 126.47162pt.
 [28 </home/jayraj/texmf/tex/latex/report_tex/images/android_safe.png> </home/j
ayraj/texmf/tex/latex/report_tex/images/android_caution.png>] <server.pdf, id=3
56, 301.125pt x 170.6375pt>
File: server.pdf Graphic file (type pdf)
 <use server.pdf>
Package pdftex.def Info: server.pdf used on input line 247.
(pdftex.def)             Requested size: 301.12425pt x 170.63707pt.
 [29 </home/jayraj/texmf/tex/latex/report_tex/images/merged_id.pdf> </home/jayr
aj/texmf/tex/latex/report_tex/images/server.pdf

pdfTeX warning: pdflatex (file /home/jayraj/texmf/tex/latex/report_tex/images/s
erver.pdf): PDF inclusion: multiple pdfs with page group included in a single p
age
>]
Underfull \hbox (badness 10000) in paragraph at lines 255--256

 []

<mic_validation.pdf, id=487, 361.35pt x 250.9375pt>
File: mic_validation.pdf Graphic file (type pdf)
 <use mic_validation.pdf>
Package pdftex.def Info: mic_validation.pdf used on input line 264.
(pdftex.def)             Requested size: 361.34912pt x 250.93687pt.

[30] <waveform.pdf, id=491, 552.0625pt x 301.125pt>
File: waveform.pdf Graphic file (type pdf)
 <use waveform.pdf>
Package pdftex.def Info: waveform.pdf used on input line 270.
(pdftex.def)             Requested size: 452.96788pt x 247.0849pt.

Underfull \hbox (badness 10000) in paragraph at lines 268--273

 []

<mic_validation_flowchart.pdf, id=492, 391.4625pt x 702.625pt>
File: mic_validation_flowchart.pdf Graphic file (type pdf)

<use mic_validation_flowchart.pdf>
Package pdftex.def Info: mic_validation_flowchart.pdf used on input line 282.
(pdftex.def)             Requested size: 317.07613pt x 569.14458pt.
 [31 </home/jayraj/texmf/tex/latex/report_tex/images/mic_validation.pdf> </home
/jayraj/texmf/tex/latex/report_tex/images/waveform.pdf

pdfTeX warning: pdflatex (file /home/jayraj/texmf/tex/latex/report_tex/images/w
aveform.pdf): PDF inclusion: multiple pdfs with page group included in a single
 page
>] [32] <panic_button_validation.pdf, id=742, 210.7875pt x 441.65pt>
File: panic_button_validation.pdf Graphic file (type pdf)

<use panic_button_validation.pdf>
Package pdftex.def Info: panic_button_validation.pdf used on input line 290.
(pdftex.def)             Requested size: 147.55025pt x 309.15288pt.
 [33 </home/jayraj/texmf/tex/latex/report_tex/images/mic_validation_flowchart.p
df>]
<tamper_proof.pdf, id=789, 632.3625pt x 381.425pt>
File: tamper_proof.pdf Graphic file (type pdf)
 <use tamper_proof.pdf>
Package pdftex.def Info: tamper_proof.pdf used on input line 301.
(pdftex.def)             Requested size: 442.65074pt x 266.99567pt.

[34 </home/jayraj/texmf/tex/latex/report_tex/images/panic_button_validation.pdf
>] <msp_encryption.pdf, id=835, 351.3125pt x 301.125pt>
File: msp_encryption.pdf Graphic file (type pdf)

<use msp_encryption.pdf>
Package pdftex.def Info: msp_encryption.pdf used on input line 309.
(pdftex.def)             Requested size: 452.96788pt x 388.28745pt.
 [35 </home/jayraj/texmf/tex/latex/report_tex/images/tamper_proof.pdf>] <vorbis
_stream.pdf, id=882, 401.5pt x 371.3875pt>
File: vorbis_stream.pdf Graphic file (type pdf)

<use vorbis_stream.pdf>
Package pdftex.def Info: vorbis_stream.pdf used on input line 320.
(pdftex.def)             Requested size: 281.04808pt x 259.96947pt.
 [36 </home/jayraj/texmf/tex/latex/report_tex/images/msp_encryption.pdf>] <pin_
interrupt.pdf, id=945, 722.7pt x 361.35pt>
File: pin_interrupt.pdf Graphic file (type pdf)

<use pin_interrupt.pdf>
Package pdftex.def Info: pin_interrupt.pdf used on input line 332.
(pdftex.def)             Requested size: 452.96788pt x 226.48279pt.
 [37 </home/jayraj/texmf/tex/latex/report_tex/images/vorbis_stream.pdf>]
(/home/jayraj/texmf/tex/latex/report_tex/chap/Audio_trigger_beta.tex
(/home/jayraj/texmf/tex/latex/report_tex/images/feat.pdf_tex
<feat.pdf, id=991, 574.02933pt x 212.3442pt>
File: feat.pdf Graphic file (type pdf)
 <use feat.pdf>
Package pdftex.def Info: feat.pdf used on input line 52.
(pdftex.def)             Requested size: 452.96788pt x 167.5686pt.
) [38 </home/jayraj/texmf/tex/latex/report_tex/images/pin_interrupt.pdf>]
(/home/jayraj/texmf/tex/latex/report_tex/images/train.pdf_tex
<train.pdf, id=1013, 706.86pt x 358.37997pt>
File: train.pdf Graphic file (type pdf)
 <use train.pdf>
Package pdftex.def Info: train.pdf used on input line 52.
(pdftex.def)             Requested size: 452.96788pt x 229.65768pt.
) [39 </home/jayraj/texmf/tex/latex/report_tex/images/feat.pdf>] [40 </home/jay
raj/texmf/tex/latex/report_tex/images/train.pdf>]
Overfull \hbox (1.58736pt too wide) in paragraph at lines 53--54
[] \OT1/ptm/m/n/12 Data set used in this project is called II-ITD Ur-ban En-vi-
ron-ment Con-text database (IUEC)[[]].
 []

[41] [42] <CVflowchart.pdf, id=1052, 433.46849pt x 803.46965pt>
File: CVflowchart.pdf Graphic file (type pdf)

<use CVflowchart.pdf>
Package pdftex.def Info: CVflowchart.pdf used on input line 158.
(pdftex.def)             Requested size: 368.44995pt x 682.95242pt.
 [43]
Overfull \vbox (46.91867pt too high) has occurred while \output is active []


[44 </home/jayraj/texmf/tex/latex/report_tex/images/CVflowchart.pdf>]
(/home/jayraj/texmf/tex/latex/report_tex/images/F1score.pdf_tex
<F1score.pdf, id=1068, 716.09996pt x 439.85294pt>
File: F1score.pdf Graphic file (type pdf)
 <use F1score.pdf>
Package pdftex.def Info: F1score.pdf used on input line 52.
(pdftex.def)             Requested size: 452.96788pt x 278.22966pt.
) [45])
[46 </home/jayraj/texmf/tex/latex/report_tex/images/F1score.pdf>]
<untitled_231.jpg, id=1089, 1053.9375pt x 501.875pt>
File: untitled_231.jpg Graphic file (type jpg)
 <use untitled_231.jpg>
Package pdftex.def Info: untitled_231.jpg used on input line 375.
(pdftex.def)             Requested size: 452.96788pt x 215.70248pt.

<untitled_241.jpg, id=1090, 1053.9375pt x 501.875pt>
File: untitled_241.jpg Graphic file (type jpg)
 <use untitled_241.jpg>
Package pdftex.def Info: untitled_241.jpg used on input line 382.
(pdftex.def)             Requested size: 452.96788pt x 215.70248pt.

[47 </home/jayraj/texmf/tex/latex/report_tex/images/untitled_231.jpg>] [48 </ho
me/jayraj/texmf/tex/latex/report_tex/images/untitled_241.jpg>]
<tamper_detection_switch.pdf, id=1097, 602.25pt x 401.5pt>
File: tamper_detection_switch.pdf Graphic file (type pdf)

<use tamper_detection_switch.pdf>
Package pdftex.def Info: tamper_detection_switch.pdf used on input line 406.
(pdftex.def)             Requested size: 452.96788pt x 301.98807pt.

<des_top_view.jpg, id=1098, 995.72pt x 995.72pt>
File: des_top_view.jpg Graphic file (type jpg)
 <use des_top_view.jpg>
Package pdftex.def Info: des_top_view.jpg used on input line 420.
(pdftex.def)             Requested size: 203.83415pt x 203.83524pt.

<des_side_view.jpg, id=1099, 995.72pt x 995.72pt>
File: des_side_view.jpg Graphic file (type jpg)
 <use des_side_view.jpg>
Package pdftex.def Info: des_side_view.jpg used on input line 426.
(pdftex.def)             Requested size: 203.83415pt x 203.83524pt.

<des_front_view.jpg, id=1100, 995.72pt x 995.72pt>
File: des_front_view.jpg Graphic file (type jpg)
 <use des_front_view.jpg>
Package pdftex.def Info: des_front_view.jpg used on input line 432.
(pdftex.def)             Requested size: 203.83415pt x 203.83524pt.

<des_iso_view.jpg, id=1101, 995.72pt x 995.72pt>
File: des_iso_view.jpg Graphic file (type jpg)
 <use des_iso_view.jpg>
Package pdftex.def Info: des_iso_view.jpg used on input line 438.
(pdftex.def)             Requested size: 203.83415pt x 203.83524pt.

Underfull \hbox (badness 10000) in paragraph at lines 418--442
[]$[]$$[]$
 []

[49 </home/jayraj/texmf/tex/latex/report_tex/images/tamper_detection_switch.pdf
>] <exploded_iso.png, id=1148, 911.405pt x 912.40875pt>
File: exploded_iso.png Graphic file (type png)
 <use exploded_iso.png>
Package pdftex.def Info: exploded_iso.png used on input line 448.
(pdftex.def)             Requested size: 362.37567pt x 362.78517pt.

[50 </home/jayraj/texmf/tex/latex/report_tex/images/des_top_view.jpg> </home/ja
yraj/texmf/tex/latex/report_tex/images/des_side_view.jpg> </home/jayraj/texmf/t
ex/latex/report_tex/images/des_front_view.jpg> </home/jayraj/texmf/tex/latex/re
port_tex/images/des_iso_view.jpg>]) [51 </home/jayraj/texmf/tex/latex/report_te
x/images/exploded_iso.png>]
\openout2 = `chap/engineering.aux'.

 (./chap/engineering.tex [52



]
Chapter 4.
File: block_dia.pdf Graphic file (type pdf)
<use block_dia.pdf>
Package pdftex.def Info: block_dia.pdf used on input line 13.
(pdftex.def)             Requested size: 452.96788pt x 297.0257pt.
 [53] <schematic.pdf, id=1163, 592.2125pt x 742.775pt>
File: schematic.pdf Graphic file (type pdf)

<use schematic.pdf>
Package pdftex.def Info: schematic.pdf used on input line 37.
(pdftex.def)             Requested size: 452.96788pt x 568.14168pt.
 [54] [55 </home/jayraj/texmf/tex/latex/report_tex/images/schematic.pdf>] <pcb_
top.PNG, id=1208, 974.64125pt x 803.0pt>
File: pcb_top.PNG Graphic file (type png)
 <use pcb_top.PNG>
Package pdftex.def Info: pcb_top.PNG used on input line 46.
(pdftex.def)             Requested size: 215.15904pt x 177.26093pt.

<pcb_bottom.PNG, id=1209, 969.6225pt x 794.97pt>
File: pcb_bottom.PNG Graphic file (type png)
 <use pcb_bottom.PNG>
Package pdftex.def Info: pcb_bottom.PNG used on input line 52.
(pdftex.def)             Requested size: 215.15904pt x 176.39809pt.

<bom.pdf, id=1210, 391.4625pt x 727.71875pt>
File: bom.pdf Graphic file (type pdf)
 <use bom.pdf>
Package pdftex.def Info: bom.pdf used on input line 63.
(pdftex.def)             Requested size: 362.37567pt x 673.68451pt.


LaTeX Warning: Float too large for page by 37.65076pt on input line 66.

<enc_top_view.png, id=1211, 2409.0pt x 2409.0pt>
File: enc_top_view.png Graphic file (type png)
 <use enc_top_view.png>
Package pdftex.def Info: enc_top_view.png used on input line 73.
(pdftex.def)             Requested size: 203.83415pt x 203.82495pt.

<enc_side_view.png, id=1212, 2845.63126pt x 2845.63126pt>
File: enc_side_view.png Graphic file (type png)

<use enc_side_view.png>
Package pdftex.def Info: enc_side_view.png used on input line 79.
(pdftex.def)             Requested size: 203.83415pt x 203.81714pt.

<enc_side_view2.png, id=1213, 2845.63126pt x 2845.63126pt>
File: enc_side_view2.png Graphic file (type png)

<use enc_side_view2.png>
Package pdftex.def Info: enc_side_view2.png used on input line 85.
(pdftex.def)             Requested size: 203.83415pt x 203.81714pt.

<enc_iso_view.png, id=1214, 2845.63126pt x 2845.63126pt>
File: enc_iso_view.png Graphic file (type png)

<use enc_iso_view.png>
Package pdftex.def Info: enc_iso_view.png used on input line 91.
(pdftex.def)             Requested size: 203.83415pt x 203.81714pt.

Underfull \hbox (badness 10000) in paragraph at lines 71--95
[]$[]$$[]$
 []

[56 </home/jayraj/texmf/tex/latex/report_tex/images/pcb_top.PNG> </home/jayraj/
texmf/tex/latex/report_tex/images/pcb_bottom.PNG>] [57 </home/jayraj/texmf/tex/
latex/report_tex/images/bom.pdf>] [58 </home/jayraj/texmf/tex/latex/report_tex/
images/enc_top_view.png> </home/jayraj/texmf/tex/latex/report_tex/images/enc_si
de_view.png> </home/jayraj/texmf/tex/latex/report_tex/images/enc_side_view2.png
> </home/jayraj/texmf/tex/latex/report_tex/images/enc_iso_view.png>] [59]
[60] [61]) [62]
\openout2 = `chap/concluding_remarks.aux'.

 (./chap/concluding_remarks.tex
Chapter 5.
[63



]) [64] (./report.bbl [65


]) AED: lastpage setting LastPage [66]
(./report.aux (./chap/synopsis.aux) (./chap/acknowledgement.aux)
(./chap/notations.aux) (./chap/introduction.aux) (./chap/study.aux)
(./chap/design.aux) (./chap/engineering.aux) (./chap/concluding_remarks.aux))

LaTeX Warning: There were multiply-defined labels.

 ) 
Here is how much of TeX's memory you used:
 6940 strings out of 494910
 102180 string characters out of 6179836
 178546 words of memory out of 5000000
 9890 multiletter control sequences out of 15000+600000
 52355 words of font info for 103 fonts, out of 8000000 for 9000
 36 hyphenation exceptions out of 8191
 42i,12n,45p,1404b,459s stack positions out of 5000i,500n,10000p,200000b,80000s
{/usr/share/texlive/texmf-dist/fonts/enc/dvips/base/8r.enc}</usr/share/texliv
e/texmf-dist/fonts/type1/public/amsfonts/cm/cmmi10.pfb></usr/share/texlive/texm
f-dist/fonts/type1/public/amsfonts/cm/cmr10.pfb></usr/share/texlive/texmf-dist/
fonts/type1/public/amsfonts/cm/cmsy10.pfb></usr/share/texlive/texmf-dist/fonts/
type1/public/amsfonts/cm/cmsy9.pfb></usr/share/texlive/texmf-dist/fonts/type1/u
rw/symbol/usyr.pfb></usr/share/texlive/texmf-dist/fonts/type1/urw/symbol/usyr.p
fb></usr/share/texlive/texmf-dist/fonts/type1/urw/times/utmb8a.pfb></usr/share/
texlive/texmf-dist/fonts/type1/urw/times/utmbi8a.pfb></usr/share/texlive/texmf-
dist/fonts/type1/urw/times/utmr8a.pfb></usr/share/texlive/texmf-dist/fonts/type
1/urw/times/utmr8a.pfb></usr/share/texlive/texmf-dist/fonts/type1/urw/times/utm
ri8a.pfb>
Output written on report.pdf (82 pages, 30459718 bytes).
PDF statistics:
 1337 PDF objects out of 1440 (max. 8388607)
 544 compressed objects within 6 object streams
 0 named destinations out of 1000 (max. 500000)
 241 words of extra memory for PDF output out of 10000 (max. 10000000)

